

*******************************************************************************
Mon Jun 23 02:01:52 2025


FIT:    data read from 'pendulumfinaldata.txt'
        format = z
        x range restricted to [0.00000 : 60.0000]
        #datapoints = 271
        residuals are weighted equally (unit weight)

function used for fitting: f(x)
	f(x) = K+A*exp(-b*x)*cos(w*x-p)
fitted parameters initialized with current variable values

iter      chisq       delta/lim  lambda   K             A             b             w             p            
   0 3.2875699736e+02   0.00e+00  4.66e-01    1.000000e+00   1.000000e+00   1.000000e+00   1.000000e+00   1.000000e+00
  18 6.3182469934e+00  -1.70e-01  4.66e-08    3.341110e-02   7.597052e-01   1.187792e-01   4.056342e+00   1.237640e+00

After 18 iterations the fit converged.
final sum of squares of residuals : 6.31825
rel. change during last iteration : -1.70272e-06

degrees of freedom    (FIT_NDF)                        : 266
rms of residuals      (FIT_STDFIT) = sqrt(WSSR/ndf)    : 0.154119
variance of residuals (reduced chisquare) = WSSR/ndf   : 0.0237528

Final set of parameters            Asymptotic Standard Error
=======================            ==========================
K               = 0.0334111        +/- 0.009437     (28.25%)
A               = 0.759705         +/- 0.03303      (4.348%)
b               = 0.118779         +/- 0.01141      (9.602%)
w               = 4.05634          +/- 0.0119       (0.2933%)
p               = 1.23764          +/- 0.04523      (3.655%)

correlation matrix of the fit parameters:
                K      A      b      w      p      
K               1.000 
A              -0.115  1.000 
b              -0.112  0.785  1.000 
w               0.019  0.057  0.032  1.000 
p              -0.006  0.076  0.050  0.795  1.000 


*******************************************************************************
Mon Jun 23 02:10:48 2025


FIT:    data read from 'data/pendulumfinaldata.txt'
        format = z
        x range restricted to [0.00000 : 60.0000]
        #datapoints = 271
        residuals are weighted equally (unit weight)

function used for fitting: f(x)
	f(x) = K+A*exp(-b*x)*cos(w*x-p)
fitted parameters initialized with current variable values

iter      chisq       delta/lim  lambda   K             A             b             w             p            
   0 3.2875699736e+02   0.00e+00  4.66e-01    1.000000e+00   1.000000e+00   1.000000e+00   1.000000e+00   1.000000e+00
  18 6.3182469934e+00  -1.70e-01  4.66e-08    3.341110e-02   7.597052e-01   1.187792e-01   4.056342e+00   1.237640e+00

After 18 iterations the fit converged.
final sum of squares of residuals : 6.31825
rel. change during last iteration : -1.70272e-06

degrees of freedom    (FIT_NDF)                        : 266
rms of residuals      (FIT_STDFIT) = sqrt(WSSR/ndf)    : 0.154119
variance of residuals (reduced chisquare) = WSSR/ndf   : 0.0237528

Final set of parameters            Asymptotic Standard Error
=======================            ==========================
K               = 0.0334111        +/- 0.009437     (28.25%)
A               = 0.759705         +/- 0.03303      (4.348%)
b               = 0.118779         +/- 0.01141      (9.602%)
w               = 4.05634          +/- 0.0119       (0.2933%)
p               = 1.23764          +/- 0.04523      (3.655%)

correlation matrix of the fit parameters:
                K      A      b      w      p      
K               1.000 
A              -0.115  1.000 
b              -0.112  0.785  1.000 
w               0.019  0.057  0.032  1.000 
p              -0.006  0.076  0.050  0.795  1.000 


*******************************************************************************
Mon Jun 23 18:26:59 2025


FIT:    data read from 'data/pendulumfinaldata.txt'
        format = z
        x range restricted to [0.00000 : 60.0000]
        #datapoints = 868
        residuals are weighted equally (unit weight)

function used for fitting: f(x)
	f(x) = K+A*exp(-b*x)*cos(w*x-p)
fitted parameters initialized with current variable values

iter      chisq       delta/lim  lambda   K             A             b             w             p            
   0 1.9370506255e+03   0.00e+00  4.53e-01    1.000000e+00   1.000000e+00   1.000000e+00   1.000000e+00   1.000000e+00
  18 3.2349863949e+01  -8.83e-01  4.53e-03   -4.611144e-01   1.025073e+01   1.210605e+01   2.421641e+00  -4.730083e+00

After 18 iterations the fit converged.
final sum of squares of residuals : 32.3499
rel. change during last iteration : -8.83086e-06

degrees of freedom    (FIT_NDF)                        : 863
rms of residuals      (FIT_STDFIT) = sqrt(WSSR/ndf)    : 0.193611
variance of residuals (reduced chisquare) = WSSR/ndf   : 0.0374854

Final set of parameters            Asymptotic Standard Error
=======================            ==========================
K               = -0.461114        +/- 0.006646     (1.441%)
A               = 10.2507          +/- 81.41        (794.2%)
b               = 12.106           +/- 5.739        (47.4%)
w               = 2.42164          +/- 18.3         (755.8%)
p               = -4.73008         +/- 0.146        (3.086%)

correlation matrix of the fit parameters:
                K      A      b      w      p      
K               1.000 
A              -0.076  1.000 
b              -0.049  0.953  1.000 
w               0.077 -0.999 -0.942  1.000 
p              -0.070  0.992  0.958 -0.989  1.000 


*******************************************************************************
Mon Jun 23 18:39:53 2025


FIT:    data read from 'data/pendulumfinaldata.txt'
        format = z
        x range restricted to [0.00000 : 60.0000]
        #datapoints = 1667
        residuals are weighted equally (unit weight)

function used for fitting: f(x)
	f(x) = K+A*exp(-b*x)*cos(w*x-p)
fitted parameters initialized with current variable values

iter      chisq       delta/lim  lambda   K             A             b             w             p            
   0 3.5146801591e+03   0.00e+00  4.50e-01    1.000000e+00   1.000000e+00   1.000000e+00   1.000000e+00   1.000000e+00
  52 5.5428841059e+00   0.00e+00  4.50e+06   -4.404796e-01   3.064889e-01   8.718383e-04  -3.721640e+00  -3.626955e+00

After 52 iterations the fit converged.
final sum of squares of residuals : 5.54288
rel. change during last iteration : 0

degrees of freedom    (FIT_NDF)                        : 1662
rms of residuals      (FIT_STDFIT) = sqrt(WSSR/ndf)    : 0.0577501
variance of residuals (reduced chisquare) = WSSR/ndf   : 0.00333507

Final set of parameters            Asymptotic Standard Error
=======================            ==========================
K               = -0.44048         +/- 0.00142      (0.3224%)
A               = 0.306489         +/- 0.004065     (1.326%)
b               = 0.000871838      +/- 0.0003916    (44.91%)
w               = -3.72164         +/- 0.0003776    (0.01014%)
p               = -3.62695         +/- 0.01287      (0.3547%)

correlation matrix of the fit parameters:
                K      A      b      w      p      
K               1.000 
A              -0.039  1.000 
b               0.010  0.850  1.000 
w               0.005  0.024  0.102  1.000 
p               0.001  0.019  0.088  0.863  1.000 


*******************************************************************************
Mon Jun 23 18:44:36 2025


FIT:    data read from 'data/pendulumfinaldata.txt'
        format = z
        x range restricted to [0.00000 : 60.0000]
        #datapoints = 1758
        residuals are weighted equally (unit weight)

function used for fitting: f(x)
	f(x) = K+A*exp(-b*x)*cos(w*x-p)
fitted parameters initialized with current variable values

iter      chisq       delta/lim  lambda   K             A             b             w             p            
   0 2.2040398939e+03   0.00e+00  4.50e-01    1.000000e+00   1.000000e+00   1.000000e+00   1.000000e+00   1.000000e+00
  24 2.8061936778e+02  -2.22e-01  4.50e-02   -5.944573e-02   1.437821e+00   2.332733e-01   6.096999e-02   1.566962e+00

After 24 iterations the fit converged.
final sum of squares of residuals : 280.619
rel. change during last iteration : -2.2212e-06

degrees of freedom    (FIT_NDF)                        : 1753
rms of residuals      (FIT_STDFIT) = sqrt(WSSR/ndf)    : 0.400099
variance of residuals (reduced chisquare) = WSSR/ndf   : 0.16008

Final set of parameters            Asymptotic Standard Error
=======================            ==========================
K               = -0.0594457       +/- 0.01386      (23.31%)
A               = 1.43782          +/- 14.23        (989.8%)
b               = 0.233273         +/- 0.2187       (93.75%)
w               = 0.06097          +/- 0.5491       (900.6%)
p               = 1.56696          +/- 0.09585      (6.117%)

correlation matrix of the fit parameters:
                K      A      b      w      p      
K               1.000 
A              -0.477  1.000 
b              -0.332  0.953  1.000 
w               0.490 -0.998 -0.933  1.000 
p              -0.193  0.740  0.818 -0.704  1.000 


*******************************************************************************
Mon Jun 23 18:48:07 2025


FIT:    data read from 'data/pendulumfinaldata.txt'
        format = z
        x range restricted to [0.00000 : 60.0000]
        #datapoints = 271
        residuals are weighted equally (unit weight)

function used for fitting: f(x)
	f(x) = K+A*exp(-b*x)*cos(w*x-p)
fitted parameters initialized with current variable values

iter      chisq       delta/lim  lambda   K             A             b             w             p            
   0 3.2344009509e+02   0.00e+00  4.66e-01    1.000000e+00   1.000000e+00   1.000000e+00   1.000000e+00   1.000000e+00
  26 4.7837136691e+00  -4.12e-01  4.66e-08    2.907442e-02   6.610111e-01   1.187610e-01   4.056402e+00   1.237820e+00

After 26 iterations the fit converged.
final sum of squares of residuals : 4.78371
rel. change during last iteration : -4.11534e-06

degrees of freedom    (FIT_NDF)                        : 266
rms of residuals      (FIT_STDFIT) = sqrt(WSSR/ndf)    : 0.134104
variance of residuals (reduced chisquare) = WSSR/ndf   : 0.0179839

Final set of parameters            Asymptotic Standard Error
=======================            ==========================
K               = 0.0290744        +/- 0.008212     (28.24%)
A               = 0.661011         +/- 0.02874      (4.348%)
b               = 0.118761         +/- 0.0114       (9.603%)
w               = 4.0564           +/- 0.0119       (0.2933%)
p               = 1.23782          +/- 0.04523      (3.654%)

correlation matrix of the fit parameters:
                K      A      b      w      p      
K               1.000 
A              -0.115  1.000 
b              -0.112  0.785  1.000 
w               0.019  0.057  0.032  1.000 
p              -0.006  0.076  0.050  0.795  1.000 


*******************************************************************************
Mon Jun 23 19:18:49 2025


FIT:    data read from 'data/pendulumfinaldata.txt'
        format = z
        x range restricted to [0.00000 : 60.0000]
        #datapoints = 1605
        residuals are weighted equally (unit weight)

function used for fitting: f(x)
	f(x) = K+A*exp(-b*x)*cos(w*x-p)
fitted parameters initialized with current variable values

iter      chisq       delta/lim  lambda   K             A             b             w             p            
   0 1.7307290689e+03   0.00e+00  4.50e-01    1.000000e+00   1.000000e+00   1.000000e+00   1.000000e+00   1.000000e+00
  13 2.7584700839e+02  -5.42e-01  4.50e-08    5.459247e-02   1.994446e-01   2.764949e-02   1.814876e-01   1.757581e+00

After 13 iterations the fit converged.
final sum of squares of residuals : 275.847
rel. change during last iteration : -5.42359e-06

degrees of freedom    (FIT_NDF)                        : 1600
rms of residuals      (FIT_STDFIT) = sqrt(WSSR/ndf)    : 0.415216
variance of residuals (reduced chisquare) = WSSR/ndf   : 0.172404

Final set of parameters            Asymptotic Standard Error
=======================            ==========================
K               = 0.0545925        +/- 0.01122      (20.56%)
A               = 0.199445         +/- 0.05508      (27.62%)
b               = 0.0276495        +/- 0.01207      (43.66%)
w               = 0.181488         +/- 0.009638     (5.31%)
p               = 1.75758          +/- 0.2029       (11.55%)

correlation matrix of the fit parameters:
                K      A      b      w      p      
K               1.000 
A              -0.266  1.000 
b              -0.228  0.838  1.000 
w               0.237  0.135  0.127  1.000 
p               0.150  0.228  0.189  0.744  1.000 


*******************************************************************************
Mon Jun 23 19:22:28 2025


FIT:    data read from 'data/pendulumfinaldata.txt'
        format = z
        x range restricted to [0.00000 : 60.0000]
        #datapoints = 1667
        residuals are weighted equally (unit weight)

function used for fitting: f(x)
	f(x) = K+A*exp(-b*x)*cos(w*x-p)
fitted parameters initialized with current variable values

iter      chisq       delta/lim  lambda   K             A             b             w             p            
   0 1.8757299711e+03   0.00e+00  4.50e-01    1.000000e+00   1.000000e+00   1.000000e+00   1.000000e+00   1.000000e+00
  18 3.0854727204e+02  -5.33e-01  4.50e-02    4.953651e-02   1.488790e+00   1.375443e+00   5.637136e+00  -6.277317e-01

After 18 iterations the fit converged.
final sum of squares of residuals : 308.547
rel. change during last iteration : -5.33106e-06

degrees of freedom    (FIT_NDF)                        : 1662
rms of residuals      (FIT_STDFIT) = sqrt(WSSR/ndf)    : 0.430869
variance of residuals (reduced chisquare) = WSSR/ndf   : 0.185648

Final set of parameters            Asymptotic Standard Error
=======================            ==========================
K               = 0.0495365        +/- 0.01059      (21.37%)
A               = 1.48879          +/- 0.3145       (21.13%)
b               = 1.37544          +/- 0.3689       (26.82%)
w               = 5.63714          +/- 0.3395       (6.022%)
p               = -0.627732        +/- 0.1627       (25.91%)

correlation matrix of the fit parameters:
                K      A      b      w      p      
K               1.000 
A               0.036  1.000 
b               0.017  0.758  1.000 
w              -0.056 -0.293 -0.229  1.000 
p              -0.076 -0.387 -0.309  0.701  1.000 


*******************************************************************************
Mon Jun 23 19:28:45 2025


FIT:    data read from 'data/pendulumfinaldata.txt'
        format = z
        x range restricted to [0.00000 : 60.0000]
        #datapoints = 1793
        residuals are weighted equally (unit weight)

function used for fitting: f(x)
	f(x) = K+A*exp(-b*x)*cos(w*x-p)
fitted parameters initialized with current variable values

iter      chisq       delta/lim  lambda   K             A             b             w             p            
   0 2.6326134302e+03   0.00e+00  4.50e-01    1.000000e+00   1.000000e+00   1.000000e+00   1.000000e+00   1.000000e+00

Current data point
=========================
#               = 1430 out of 1793
x               = -0.186455      
z               = -0.356297      

Current set of parameters
=========================
K               = -0.186455      
A               = -0.0319456     
b               = -14.8601       
w               = 42.8788        
p               = 19.8582        

BREAK: Undefined value during function evaluation

*******************************************************************************
Mon Jun 23 19:37:00 2025


FIT:    data read from 'data/pendulumfinaldata.txt'
        format = z
        x range restricted to [0.00000 : 60.0000]
        #datapoints = 1580
        residuals are weighted equally (unit weight)

function used for fitting: f(x)
	f(x) = K+A*exp(-b*x)*cos(w*x-p)
fitted parameters initialized with current variable values

iter      chisq       delta/lim  lambda   K             A             b             w             p            
   0 1.7436760411e+03   0.00e+00  4.50e-01    1.000000e+00   1.000000e+00   1.000000e+00   1.000000e+00   1.000000e+00
  26 3.9047642067e+00   0.00e+00  4.50e+06    7.357358e-03  -6.521256e-01   1.397701e-03   3.722449e+00   1.203041e+00

After 26 iterations the fit converged.
final sum of squares of residuals : 3.90476
rel. change during last iteration : 0

degrees of freedom    (FIT_NDF)                        : 1575
rms of residuals      (FIT_STDFIT) = sqrt(WSSR/ndf)    : 0.0497917
variance of residuals (reduced chisquare) = WSSR/ndf   : 0.00247922

Final set of parameters            Asymptotic Standard Error
=======================            ==========================
K               = 0.00735736       +/- 0.00126      (17.13%)
A               = -0.652126        +/- 0.003698     (0.5671%)
b               = 0.0013977        +/- 0.0001771    (12.67%)
w               = 3.72245          +/- 0.0001563    (0.004199%)
p               = 1.20304          +/- 0.005266     (0.4377%)

correlation matrix of the fit parameters:
                K      A      b      w      p      
K               1.000 
A               0.041  1.000 
b               0.020 -0.845  1.000 
w              -0.003  0.009 -0.073  1.000 
p              -0.002  0.006 -0.064  0.860  1.000 


*******************************************************************************
Mon Jun 23 19:41:31 2025


FIT:    data read from 'data/pendulumfinaldata.txt'
        format = z
        x range restricted to [0.00000 : 60.0000]
        #datapoints = 981
        residuals are weighted equally (unit weight)

function used for fitting: f(x)
	f(x) = K+A*exp(-b*x)*cos(w*x-p)
fitted parameters initialized with current variable values

iter      chisq       delta/lim  lambda   K             A             b             w             p            
   0 1.1207624424e+03   0.00e+00  4.52e-01    1.000000e+00   1.000000e+00   1.000000e+00   1.000000e+00   1.000000e+00
  28 3.8120655490e+00  -1.41e-01  4.52e-05    7.394727e-03  -6.446379e-01   5.786082e-04   3.723662e+00   1.220551e+00

After 28 iterations the fit converged.
final sum of squares of residuals : 3.81207
rel. change during last iteration : -1.41036e-06

degrees of freedom    (FIT_NDF)                        : 976
rms of residuals      (FIT_STDFIT) = sqrt(WSSR/ndf)    : 0.0624964
variance of residuals (reduced chisquare) = WSSR/ndf   : 0.0039058

Final set of parameters            Asymptotic Standard Error
=======================            ==========================
K               = 0.00739473       +/- 0.002007     (27.14%)
A               = -0.644638        +/- 0.005754     (0.8926%)
b               = 0.000578608      +/- 0.0004373    (75.58%)
w               = 3.72366          +/- 0.0004152    (0.01115%)
p               = 1.22055          +/- 0.008511     (0.6973%)

correlation matrix of the fit parameters:
                K      A      b      w      p      
K               1.000 
A               0.034  1.000 
b               0.020 -0.855  1.000 
w               0.025 -0.007 -0.031  1.000 
p               0.015 -0.009 -0.028  0.865  1.000 


*******************************************************************************
Mon Jun 23 19:49:53 2025


FIT:    data read from 'data/pendulumfinaldata.txt'
        format = z
        x range restricted to [0.00000 : 60.0000]
        #datapoints = 1580
        residuals are weighted equally (unit weight)

function used for fitting: f(x)
	f(x) = K+A*exp(-b*x)*cos(w*x-p)
fitted parameters initialized with current variable values

iter      chisq       delta/lim  lambda   K             A             b             w             p            
   0 1.7436760411e+03   0.00e+00  4.50e-01    1.000000e+00   1.000000e+00   1.000000e+00   1.000000e+00   1.000000e+00
  26 3.9047642067e+00   0.00e+00  4.50e+06    7.357358e-03  -6.521256e-01   1.397701e-03   3.722449e+00   1.203041e+00

After 26 iterations the fit converged.
final sum of squares of residuals : 3.90476
rel. change during last iteration : 0

degrees of freedom    (FIT_NDF)                        : 1575
rms of residuals      (FIT_STDFIT) = sqrt(WSSR/ndf)    : 0.0497917
variance of residuals (reduced chisquare) = WSSR/ndf   : 0.00247922

Final set of parameters            Asymptotic Standard Error
=======================            ==========================
K               = 0.00735736       +/- 0.00126      (17.13%)
A               = -0.652126        +/- 0.003698     (0.5671%)
b               = 0.0013977        +/- 0.0001771    (12.67%)
w               = 3.72245          +/- 0.0001563    (0.004199%)
p               = 1.20304          +/- 0.005266     (0.4377%)

correlation matrix of the fit parameters:
                K      A      b      w      p      
K               1.000 
A               0.041  1.000 
b               0.020 -0.845  1.000 
w              -0.003  0.009 -0.073  1.000 
p              -0.002  0.006 -0.064  0.860  1.000 


*******************************************************************************
Mon Jun 23 19:57:39 2025


FIT:    data read from 'data/pendulumfinaldata.txt'
        format = z
        x range restricted to [0.00000 : 60.0000]
        #datapoints = 1580
        residuals are weighted equally (unit weight)

function used for fitting: f(x)
	f(x) = K+A*exp(-b*x)*cos(w*x-p)
fitted parameters initialized with current variable values

iter      chisq       delta/lim  lambda   K             A             b             w             p            
   0 1.7436760411e+03   0.00e+00  4.50e-01    1.000000e+00   1.000000e+00   1.000000e+00   1.000000e+00   1.000000e+00
  26 3.9047642067e+00   0.00e+00  4.50e+06    7.357358e-03  -6.521256e-01   1.397701e-03   3.722449e+00   1.203041e+00

After 26 iterations the fit converged.
final sum of squares of residuals : 3.90476
rel. change during last iteration : 0

degrees of freedom    (FIT_NDF)                        : 1575
rms of residuals      (FIT_STDFIT) = sqrt(WSSR/ndf)    : 0.0497917
variance of residuals (reduced chisquare) = WSSR/ndf   : 0.00247922

Final set of parameters            Asymptotic Standard Error
=======================            ==========================
K               = 0.00735736       +/- 0.00126      (17.13%)
A               = -0.652126        +/- 0.003698     (0.5671%)
b               = 0.0013977        +/- 0.0001771    (12.67%)
w               = 3.72245          +/- 0.0001563    (0.004199%)
p               = 1.20304          +/- 0.005266     (0.4377%)

correlation matrix of the fit parameters:
                K      A      b      w      p      
K               1.000 
A               0.041  1.000 
b               0.020 -0.845  1.000 
w              -0.003  0.009 -0.073  1.000 
p              -0.002  0.006 -0.064  0.860  1.000 


*******************************************************************************
Mon Jun 23 20:34:59 2025


FIT:    data read from 'data/pendulumfinaldata.txt'
        format = z
        x range restricted to [0.00000 : 60.0000]
        #datapoints = 1580
        residuals are weighted equally (unit weight)

function used for fitting: f(x)
	f(x) = K+A*exp(-b*x)*cos(w*x-p)
fitted parameters initialized with current variable values

iter      chisq       delta/lim  lambda   K             A             b             w             p            
   0 1.7436760411e+03   0.00e+00  4.50e-01    1.000000e+00   1.000000e+00   1.000000e+00   1.000000e+00   1.000000e+00
  26 3.9047642067e+00   0.00e+00  4.50e+06    7.357358e-03  -6.521256e-01   1.397701e-03   3.722449e+00   1.203041e+00

After 26 iterations the fit converged.
final sum of squares of residuals : 3.90476
rel. change during last iteration : 0

degrees of freedom    (FIT_NDF)                        : 1575
rms of residuals      (FIT_STDFIT) = sqrt(WSSR/ndf)    : 0.0497917
variance of residuals (reduced chisquare) = WSSR/ndf   : 0.00247922

Final set of parameters            Asymptotic Standard Error
=======================            ==========================
K               = 0.00735736       +/- 0.00126      (17.13%)
A               = -0.652126        +/- 0.003698     (0.5671%)
b               = 0.0013977        +/- 0.0001771    (12.67%)
w               = 3.72245          +/- 0.0001563    (0.004199%)
p               = 1.20304          +/- 0.005266     (0.4377%)

correlation matrix of the fit parameters:
                K      A      b      w      p      
K               1.000 
A               0.041  1.000 
b               0.020 -0.845  1.000 
w              -0.003  0.009 -0.073  1.000 
p              -0.002  0.006 -0.064  0.860  1.000 
